#
# A fatal error has been detected by the Java Runtime Environment:
#
#  EXCEPTION_ACCESS_VIOLATION (0xc0000005) at pc=0x0000000000000000, pid=420, tid=10916
#
# JRE version: OpenJDK Runtime Environment (20.0.2+9) (build 20.0.2+9-78)
# Java VM: OpenJDK 64-Bit Server VM (20.0.2+9-78, mixed mode, sharing, tiered, compressed oops, compressed class ptrs, g1 gc, windows-amd64)
# Problematic frame:
# C  0x000001e87e639938
#
# No core dump will be written. Minidumps are not enabled by default on client versions of Windows
#
# If you would like to submit a bug report, please visit:
#   https://bugreport.java.com/bugreport/crash.jsp
#

---------------  S U M M A R Y ------------

Command Line: -javaagent:C:\Program Files\JetBrains\IntelliJ IDEA Community Edition 2023.2.2\lib\idea_rt.jar=54851:C:\Program Files\JetBrains\IntelliJ IDEA Community Edition 2023.2.2\bin -Dfile.encoding=UTF-8 -Dsun.stdout.encoding=UTF-8 -Dsun.stderr.encoding=UTF-8 com.dragan.Car_Rental_Spring.CarRentalSpringApplication

Host: Intel(R) Pentium(R) Silver N5000 CPU @ 1.10GHz, 4 cores, 3G,  Windows 10 , 64 bit Build 16299 (10.0.16299.15)
Time: Sun Mar 31 19:51:28 2024 Central Europe Daylight Time elapsed time: 30.517014 seconds (0d 0h 0m 30s)

---------------  T H R E A D  ---------------

Current thread (0x000001e87cb6fbe0):  JavaThread "C2 CompilerThread0" daemon [_thread_in_native, id=10916, stack(0x000000351b900000,0x000000351ba00000)]


Current CompileTask:
C2:  30517 4307       4       java.util.Collections$SetFromMap::add (22 bytes)

Stack: [0x000000351b900000,0x000000351ba00000],  sp=0x000000351b9fbdf8,  free space=1007k
Native frames: (J=compiled Java code, j=interpreted, Vv=VM code, C=native code)


siginfo: EXCEPTION_ACCESS_VIOLATION (0xc0000005), data execution prevention violation at address 0x0000000000000000


Registers:
RAX=0x0000000000000001, RBX=0x000001e85c484ba0, RCX=0x000001e87cbceba8, RDX=0x0000000000000004
RSP=0x000000351b9fbdf0, RBP=0x000001e87e63b488, RSI=0x000001e85c484ba0, RDI=0x0000000000000002
R8 =0x000001e85c484ba0, R9 =0x00007fffba9da1a8, R10=0x0000000000000054, R11=0x000001e85c484ba8
R12=0x0000000000000001, R13=0x0000000000000002, R14=0x0000000000000068, R15=0x0000000000000028
RIP=0x0000000000000000, EFLAGS=0x0000000000010246


Register to memory mapping:

RIP=0x0 is NULL
RAX=0x0000000000000001 is an unknown value
RBX=0x000001e85c484ba0 points into unknown readable memory: 0x00007fffbb096928 | 28 69 09 bb ff 7f 00 00
RCX=0x000001e87cbceba8 points into unknown readable memory: 0x0000000000000000 | 00 00 00 00 00 00 00 00
RDX=0x0000000000000004 is an unknown value
RSP=0x000000351b9fbdf0 is pointing into the stack for thread: 0x000001e87cb6fbe0
RBP=0x000001e87e63b488 points into unknown readable memory: 0x00007fffbb082400 | 00 24 08 bb ff 7f 00 00
RSI=0x000001e85c484ba0 points into unknown readable memory: 0x00007fffbb096928 | 28 69 09 bb ff 7f 00 00
RDI=0x0000000000000002 is an unknown value
R8 =0x000001e85c484ba0 points into unknown readable memory: 0x00007fffbb096928 | 28 69 09 bb ff 7f 00 00
R9 =0x00007fffba9da1a8 jvm.dll
R10=0x0000000000000054 is an unknown value
R11=0x000001e85c484ba8 points into unknown readable memory: 0x000001e85c484be8 | e8 4b 48 5c e8 01 00 00
R12=0x0000000000000001 is an unknown value
R13=0x0000000000000002 is an unknown value
R14=0x0000000000000068 is an unknown value
R15=0x0000000000000028 is an unknown value


Top of Stack: (sp=0x000000351b9fbdf0)
0x000000351b9fbdf0:   000001e87e639938 000001e85c484bcc
0x000000351b9fbe00:   000001e87cbceba8 00007fffbad866d8
0x000000351b9fbe10:   000001e85c484ba0 000001e87e63b488
0x000000351b9fbe20:   0000000000000000 000000351b9fc3f0
0x000000351b9fbe30:   000001e87fb96140 00007fffbaf43b61
0x000000351b9fbe40:   0000000400000001 0000000000000010
0x000000351b9fbe50:   0000000000000002 0000000000000000
0x000000351b9fbe60:   000001e87cbce420 000001e87e63b658
0x000000351b9fbe70:   000000351b9fc3f0 000001e87e63b488
0x000000351b9fbe80:   000001e87e639938 00007fffbad8669f
0x000000351b9fbe90:   000000351b9fc3f0 0000000000000000
0x000000351b9fbea0:   000001e87cbce420 000001e87e63b488
0x000000351b9fbeb0:   000000351b9fbfc8 000001e87e63bb68
0x000000351b9fbec0:   0000000400000001 0000000000000010
0x000000351b9fbed0:   000001e87cbcd960 000000351b9fc3f0
0x000000351b9fbee0:   0000000000000000 000000351b9fc3f0
0x000000351b9fbef0:   000001e87e63b658 000000351b9fcd78
0x000000351b9fbf00:   0000000000000001 00007fffbad8c75c
0x000000351b9fbf10:   000000351b9fc3f0 000001e87cbcdc98
0x000000351b9fbf20:   000001e87cbcdc98 000001e87e63b488
0x000000351b9fbf30:   000000351b9fbfc8 00007fffba802bee
0x000000351b9fbf40:   00000000000027d8 000001e87cbcdc98
0x000000351b9fbf50:   000001e87cbd0148 000001e87e63cb30
0x000000351b9fbf60:   0000000000000068 0000000000000014
0x000000351b9fbf70:   0000000000000068 000001e87e63b658
0x000000351b9fbf80:   000000351b9fc3f0 0000000000000000
0x000000351b9fbf90:   000001e87cb44ab8 000000351b9fc010
0x000000351b9fbfa0:   000001e87e63b658 00007fffbad8d78c
0x000000351b9fbfb0:   000001e87f91d410 000001e87cb44ab8
0x000000351b9fbfc0:   000001e87e639ac8 000001e87e639ac8
0x000000351b9fbfd0:   000001e85db44e50 000001e85db52220
0x000000351b9fbfe0:   000001e85db43020 000001e87cb444d0 

Instructions: (pc=0x000001e87e639938)
0x000001e87e639838:   70 98 63 7e e8 01 00 00 00 c3 18 7f e8 01 00 00
0x000001e87e639848:   03 00 00 00 03 00 00 00 03 00 00 00 08 00 00 00
0x000001e87e639858:   31 04 00 00 20 00 00 00 00 00 00 00 00 00 00 00
0x000001e87e639868:   00 00 00 00 00 00 00 00 30 98 63 7e e8 01 00 00
0x000001e87e639878:   a0 95 63 7e e8 01 00 00 a0 96 63 7e e8 01 00 00
0x000001e87e639888:   30 98 63 7e e8 01 00 00 d0 99 63 7e e8 01 00 00
0x000001e87e639898:   a8 98 63 7e e8 01 00 00 08 c2 18 7f e8 01 00 00
0x000001e87e6398a8:   c0 24 08 bb ff 7f 00 00 00 99 63 7e e8 01 00 00
0x000001e87e6398b8:   18 99 63 7e e8 01 00 00 03 00 00 00 03 00 00 00
0x000001e87e6398c8:   02 00 00 00 04 00 00 00 32 04 00 00 0c 00 00 00
0x000001e87e6398d8:   00 00 00 00 00 00 00 00 48 1c b9 7f e8 01 00 00
0x000001e87e6398e8:   00 00 00 00 00 00 00 00 ff ff ff ff ff ff ff ff
0x000001e87e6398f8:   01 00 00 00 00 6c ca 88 30 98 63 7e e8 01 00 00
0x000001e87e639908:   e0 b9 d7 5c e8 01 00 00 c8 97 63 7e e8 01 00 00
0x000001e87e639918:   e0 bb 63 7e e8 01 00 00 08 b6 63 7e e8 01 00 00
0x000001e87e639928:   88 da ab 5c e8 01 00 00 c8 c1 63 7e e8 01 00 00
0x000001e87e639938:   90 d8 07 bb ff 7f 00 00 70 99 63 7e e8 01 00 00
0x000001e87e639948:   38 a3 63 7e e8 01 00 00 04 00 00 00 04 00 00 00
0x000001e87e639958:   02 00 00 00 04 00 00 00 33 04 00 00 00 02 00 00
0x000001e87e639968:   00 00 00 00 00 00 00 00 00 00 00 00 00 00 00 00
0x000001e87e639978:   a0 4b 48 5c e8 01 00 00 a0 4b 48 5c e8 01 00 00
0x000001e87e639988:   70 bb 77 7f e8 01 00 00 38 99 63 7e e8 01 00 00
0x000001e87e639998:   00 79 59 7d e8 01 00 00 50 2b 41 5c e8 01 00 00
0x000001e87e6399a8:   50 2b 41 5c e8 01 00 00 38 99 63 7e e8 01 00 00
0x000001e87e6399b8:   f8 85 4d 7e e8 01 00 00 90 87 4d 7e e8 01 00 00
0x000001e87e6399c8:   00 00 00 00 00 00 00 00 b0 b7 10 bb ff 7f 00 00
0x000001e87e6399d8:   18 9a 63 7e e8 01 00 00 88 9a 63 7e e8 01 00 00
0x000001e87e6399e8:   05 00 00 00 05 00 00 00 02 00 00 00 04 00 00 00
0x000001e87e6399f8:   34 04 00 00 11 00 00 00 00 00 00 00 00 00 00 00
0x000001e87e639a08:   c8 57 ba 7c e8 01 00 00 03 00 00 00 00 00 00 00
0x000001e87e639a18:   30 98 63 7e e8 01 00 00 18 88 ef 7c e8 01 00 00
0x000001e87e639a28:   e8 b7 48 5c e8 01 00 00 18 88 ef 7c e8 01 00 00 


Stack slot to memory mapping:
stack at sp + 0 slots: 0x000001e85c484bcc points into unknown readable memory: 54 00 00 00
stack at sp + 1 slots: 0x000001e87cbceba8 points into unknown readable memory: 0x0000000000000000 | 00 00 00 00 00 00 00 00
stack at sp + 2 slots: 0x00007fffbad866d8 jvm.dll
stack at sp + 3 slots: 0x000001e85c484ba0 points into unknown readable memory: 0x00007fffbb096928 | 28 69 09 bb ff 7f 00 00
stack at sp + 4 slots: 0x000001e87e63b488 points into unknown readable memory: 0x00007fffbb082400 | 00 24 08 bb ff 7f 00 00
stack at sp + 5 slots: 0x0 is NULL
stack at sp + 6 slots: 0x000000351b9fc3f0 is pointing into the stack for thread: 0x000001e87cb6fbe0
stack at sp + 7 slots: 0x000001e87fb96140 points into unknown readable memory: 0x00007fffbb133978 | 78 39 13 bb ff 7f 00 00


---------------  P R O C E S S  ---------------

Threads class SMR info:
_java_thread_list=0x000001e85c527770, length=13, elements={
0x000001e8791089f0, 0x000001e87cb4f980, 0x000001e87cb65260, 0x000001e87cb67f70,
0x000001e87cb698c0, 0x000001e87cb6a200, 0x000001e87cb6ef70, 0x000001e87cb6fbe0,
0x000001e87cb779c0, 0x000001e87cb2f750, 0x000001e87cfb8c40, 0x000001e87cfb9380,
0x000001e87f141660
}

Java Threads: ( => current thread )
  0x000001e8791089f0 JavaThread "main" [_thread_in_native, id=6632, stack(0x000000351ac00000,0x000000351ad00000)]
  0x000001e87cb4f980 JavaThread "Reference Handler" daemon [_thread_blocked, id=13852, stack(0x000000351b300000,0x000000351b400000)]
  0x000001e87cb65260 JavaThread "Finalizer" daemon [_thread_blocked, id=13584, stack(0x000000351b400000,0x000000351b500000)]
  0x000001e87cb67f70 JavaThread "Signal Dispatcher" daemon [_thread_blocked, id=12408, stack(0x000000351b500000,0x000000351b600000)]
  0x000001e87cb698c0 JavaThread "Attach Listener" daemon [_thread_blocked, id=9544, stack(0x000000351b600000,0x000000351b700000)]
  0x000001e87cb6a200 JavaThread "Service Thread" daemon [_thread_blocked, id=10992, stack(0x000000351b700000,0x000000351b800000)]
  0x000001e87cb6ef70 JavaThread "Monitor Deflation Thread" daemon [_thread_blocked, id=8436, stack(0x000000351b800000,0x000000351b900000)]
=>0x000001e87cb6fbe0 JavaThread "C2 CompilerThread0" daemon [_thread_in_native, id=10916, stack(0x000000351b900000,0x000000351ba00000)]
  0x000001e87cb779c0 JavaThread "C1 CompilerThread0" daemon [_thread_blocked, id=14188, stack(0x000000351ba00000,0x000000351bb00000)]
  0x000001e87cb2f750 JavaThread "Common-Cleaner" daemon [_thread_blocked, id=6036, stack(0x000000351bb00000,0x000000351bc00000)]
  0x000001e87cfb8c40 JavaThread "Monitor Ctrl-Break" daemon [_thread_in_native, id=12900, stack(0x000000351be00000,0x000000351bf00000)]
  0x000001e87cfb9380 JavaThread "Notification Thread" daemon [_thread_blocked, id=8208, stack(0x000000351bf00000,0x000000351c000000)]
  0x000001e87f141660 JavaThread "mysql-cj-abandoned-connection-cleanup" daemon [_thread_blocked, id=6740, stack(0x000000351cc00000,0x000000351cd00000)]

Other Threads:
  0x000001e87cb45760 VMThread "VM Thread" [stack: 0x000000351b200000,0x000000351b300000] [id=14316]
  0x000001e87d227790 WatcherThread "VM Periodic Task Thread" [stack: 0x000000351c000000,0x000000351c100000] [id=14664]
  0x000001e8791470f0 WorkerThread "GC Thread#0" [stack: 0x000000351ad00000,0x000000351ae00000] [id=14568]
  0x000001e87d455580 WorkerThread "GC Thread#1" [stack: 0x000000351c300000,0x000000351c400000] [id=9248]
  0x000001e87d507af0 WorkerThread "GC Thread#2" [stack: 0x000000351c400000,0x000000351c500000] [id=1032]
  0x000001e87d48e7c0 WorkerThread "GC Thread#3" [stack: 0x000000351c500000,0x000000351c600000] [id=14236]
  0x000001e87915dd80 ConcurrentGCThread "G1 Main Marker" [stack: 0x000000351ae00000,0x000000351af00000] [id=13444]
  0x000001e87915e7b0 WorkerThread "G1 Conc#0" [stack: 0x000000351af00000,0x000000351b000000] [id=9548]
  0x000001e8791b24d0 ConcurrentGCThread "G1 Refine#0" [stack: 0x000000351b000000,0x000000351b100000] [id=11592]
  0x000001e8791b4390 ConcurrentGCThread "G1 Service" [stack: 0x000000351b100000,0x000000351b200000] [id=7484]

Threads with active compile tasks:
C2 CompilerThread0    30607 4307       4       java.util.Collections$SetFromMap::add (22 bytes)

VM state: not at safepoint (normal execution)

VM Mutex/Monitor currently owned by a thread:  ([mutex/lock_event])
[0x000001e8791051a0] CodeCache_lock - owner thread: 0x0000000000000000

Heap address: 0x00000000c2c00000, size: 980 MB, Compressed Oops mode: 32-bit

CDS archive(s) mapped at: [0x000001e817000000-0x000001e817c60000-0x000001e817c60000), size 12976128, SharedBaseAddress: 0x000001e817000000, ArchiveRelocationMode: 1.
Compressed class space mapped at: 0x000001e818000000-0x000001e858000000, reserved size: 1073741824
Narrow klass base: 0x000001e817000000, Narrow klass shift: 0, Narrow klass range: 0x100000000

GC Precious Log:
 CardTable entry size: 512
 Card Set container configuration: InlinePtr #cards 5 size 8 Array Of Cards #cards 12 size 40 Howl #buckets 4 coarsen threshold 1843 Howl Bitmap #cards 512 size 80 coarsen threshold 460 Card regions per heap region 1 cards per card region 2048
 CPUs: 4 total, 4 available
 Memory: 3918M
 Large Page Support: Disabled
 NUMA Support: Disabled
 Compressed Oops: Enabled (32-bit)
 Heap Region Size: 1M
 Heap Min Capacity: 8M
 Heap Initial Capacity: 62M
 Heap Max Capacity: 980M
 Pre-touch: Disabled
 Parallel Workers: 4
 Concurrent Workers: 1
 Concurrent Refinement Workers: 4
 Periodic GC: Disabled

Heap:
 garbage-first heap   total 51200K, used 30186K [0x00000000c2c00000, 0x0000000100000000)
  region size 1024K, 14 young (14336K), 2 survivors (2048K)
 Metaspace       used 34825K, committed 35328K, reserved 1114112K
  class space    used 4484K, committed 4736K, reserved 1048576K

Heap Regions: E=young(eden), S=young(survivor), O=old, HS=humongous(starts), HC=humongous(continues), CS=collection set, F=free, OA=open archive, CA=closed archive, TAMS=top-at-mark-start, PB=parsable bottom
|   0|0x00000000c2c00000, 0x00000000c2d00000, 0x00000000c2d00000|100%|HS|  |TAMS 0x00000000c2c00000| PB 0x00000000c2c00000| Complete 
|   1|0x00000000c2d00000, 0x00000000c2d00000, 0x00000000c2e00000|  0%| F|  |TAMS 0x00000000c2d00000| PB 0x00000000c2d00000| Untracked 
|   2|0x00000000c2e00000, 0x00000000c2f00000, 0x00000000c2f00000|100%| O|  |TAMS 0x00000000c2e00000| PB 0x00000000c2e00000| Untracked 
|   3|0x00000000c2f00000, 0x00000000c3000000, 0x00000000c3000000|100%| O|  |TAMS 0x00000000c2f00000| PB 0x00000000c2f00000| Untracked 
|   4|0x00000000c3000000, 0x00000000c3100000, 0x00000000c3100000|100%| O|  |TAMS 0x00000000c3000000| PB 0x00000000c3000000| Untracked 
|   5|0x00000000c3100000, 0x00000000c3200000, 0x00000000c3200000|100%| O|  |TAMS 0x00000000c3100000| PB 0x00000000c3100000| Untracked 
|   6|0x00000000c3200000, 0x00000000c3300000, 0x00000000c3300000|100%| O|  |TAMS 0x00000000c3200000| PB 0x00000000c3200000| Untracked 
|   7|0x00000000c3300000, 0x00000000c3400000, 0x00000000c3400000|100%| O|  |TAMS 0x00000000c3300000| PB 0x00000000c3300000| Untracked 
|   8|0x00000000c3400000, 0x00000000c3500000, 0x00000000c3500000|100%| O|  |TAMS 0x00000000c3400000| PB 0x00000000c3400000| Untracked 
|   9|0x00000000c3500000, 0x00000000c3600000, 0x00000000c3600000|100%| O|  |TAMS 0x00000000c3500000| PB 0x00000000c3500000| Untracked 
|  10|0x00000000c3600000, 0x00000000c3700000, 0x00000000c3700000|100%| O|  |TAMS 0x00000000c3600000| PB 0x00000000c3600000| Untracked 
|  11|0x00000000c3700000, 0x00000000c3800000, 0x00000000c3800000|100%| O|  |TAMS 0x00000000c3700000| PB 0x00000000c3700000| Untracked 
|  12|0x00000000c3800000, 0x00000000c3900000, 0x00000000c3900000|100%| O|  |TAMS 0x00000000c3800000| PB 0x00000000c3800000| Untracked 
|  13|0x00000000c3900000, 0x00000000c3a00000, 0x00000000c3a00000|100%| O|  |TAMS 0x00000000c3900000| PB 0x00000000c3900000| Untracked 
|  14|0x00000000c3a00000, 0x00000000c3b00000, 0x00000000c3b00000|100%| O|  |TAMS 0x00000000c3a00000| PB 0x00000000c3a00000| Untracked 
|  15|0x00000000c3b00000, 0x00000000c3c00000, 0x00000000c3c00000|100%| O|  |TAMS 0x00000000c3b00000| PB 0x00000000c3b00000| Untracked 
|  16|0x00000000c3c00000, 0x00000000c3c00000, 0x00000000c3d00000|  0%| F|  |TAMS 0x00000000c3c00000| PB 0x00000000c3c00000| Untracked 
|  17|0x00000000c3d00000, 0x00000000c3d00000, 0x00000000c3e00000|  0%| F|  |TAMS 0x00000000c3d00000| PB 0x00000000c3d00000| Untracked 
|  18|0x00000000c3e00000, 0x00000000c3e00000, 0x00000000c3f00000|  0%| F|  |TAMS 0x00000000c3e00000| PB 0x00000000c3e00000| Untracked 
|  19|0x00000000c3f00000, 0x00000000c3f00000, 0x00000000c4000000|  0%| F|  |TAMS 0x00000000c3f00000| PB 0x00000000c3f00000| Untracked 
|  20|0x00000000c4000000, 0x00000000c4100000, 0x00000000c4100000|100%| O|  |TAMS 0x00000000c4000000| PB 0x00000000c4000000| Untracked 
|  21|0x00000000c4100000, 0x00000000c418da00, 0x00000000c4200000| 55%| O|  |TAMS 0x00000000c4100000| PB 0x00000000c4100000| Untracked 
|  22|0x00000000c4200000, 0x00000000c4200000, 0x00000000c4300000|  0%| F|  |TAMS 0x00000000c4200000| PB 0x00000000c4200000| Untracked 
|  23|0x00000000c4300000, 0x00000000c4300000, 0x00000000c4400000|  0%| F|  |TAMS 0x00000000c4300000| PB 0x00000000c4300000| Untracked 
|  24|0x00000000c4400000, 0x00000000c4400000, 0x00000000c4500000|  0%| F|  |TAMS 0x00000000c4400000| PB 0x00000000c4400000| Untracked 
|  25|0x00000000c4500000, 0x00000000c45ecf28, 0x00000000c4600000| 92%| S|CS|TAMS 0x00000000c4500000| PB 0x00000000c4500000| Complete 
|  26|0x00000000c4600000, 0x00000000c4700000, 0x00000000c4700000|100%| S|CS|TAMS 0x00000000c4600000| PB 0x00000000c4600000| Complete 
|  27|0x00000000c4700000, 0x00000000c4700000, 0x00000000c4800000|  0%| F|  |TAMS 0x00000000c4700000| PB 0x00000000c4700000| Untracked 
|  28|0x00000000c4800000, 0x00000000c4800000, 0x00000000c4900000|  0%| F|  |TAMS 0x00000000c4800000| PB 0x00000000c4800000| Untracked 
|  29|0x00000000c4900000, 0x00000000c4900000, 0x00000000c4a00000|  0%| F|  |TAMS 0x00000000c4900000| PB 0x00000000c4900000| Untracked 
|  30|0x00000000c4a00000, 0x00000000c4a00000, 0x00000000c4b00000|  0%| F|  |TAMS 0x00000000c4a00000| PB 0x00000000c4a00000| Untracked 
|  31|0x00000000c4b00000, 0x00000000c4b00000, 0x00000000c4c00000|  0%| F|  |TAMS 0x00000000c4b00000| PB 0x00000000c4b00000| Untracked 
|  32|0x00000000c4c00000, 0x00000000c4c00000, 0x00000000c4d00000|  0%| F|  |TAMS 0x00000000c4c00000| PB 0x00000000c4c00000| Untracked 
|  33|0x00000000c4d00000, 0x00000000c4d00000, 0x00000000c4e00000|  0%| F|  |TAMS 0x00000000c4d00000| PB 0x00000000c4d00000| Untracked 
|  34|0x00000000c4e00000, 0x00000000c4e00000, 0x00000000c4f00000|  0%| F|  |TAMS 0x00000000c4e00000| PB 0x00000000c4e00000| Untracked 
|  35|0x00000000c4f00000, 0x00000000c4f00000, 0x00000000c5000000|  0%| F|  |TAMS 0x00000000c4f00000| PB 0x00000000c4f00000| Untracked 
|  36|0x00000000c5000000, 0x00000000c5000000, 0x00000000c5100000|  0%| F|  |TAMS 0x00000000c5000000| PB 0x00000000c5000000| Untracked 
|  37|0x00000000c5100000, 0x00000000c5100000, 0x00000000c5200000|  0%| F|  |TAMS 0x00000000c5100000| PB 0x00000000c5100000| Untracked 
|  38|0x00000000c5200000, 0x00000000c52e4668, 0x00000000c5300000| 89%| E|  |TAMS 0x00000000c5200000| PB 0x00000000c5200000| Complete 
|  39|0x00000000c5300000, 0x00000000c5400000, 0x00000000c5400000|100%| E|CS|TAMS 0x00000000c5300000| PB 0x00000000c5300000| Complete 
|  40|0x00000000c5400000, 0x00000000c5500000, 0x00000000c5500000|100%| E|CS|TAMS 0x00000000c5400000| PB 0x00000000c5400000| Complete 
|  41|0x00000000c5500000, 0x00000000c5600000, 0x00000000c5600000|100%| E|CS|TAMS 0x00000000c5500000| PB 0x00000000c5500000| Complete 
|  42|0x00000000c5600000, 0x00000000c5700000, 0x00000000c5700000|100%| E|CS|TAMS 0x00000000c5600000| PB 0x00000000c5600000| Complete 
|  43|0x00000000c5700000, 0x00000000c5800000, 0x00000000c5800000|100%| E|CS|TAMS 0x00000000c5700000| PB 0x00000000c5700000| Complete 
|  44|0x00000000c5800000, 0x00000000c5900000, 0x00000000c5900000|100%| E|CS|TAMS 0x00000000c5800000| PB 0x00000000c5800000| Complete 
|  45|0x00000000c5900000, 0x00000000c5a00000, 0x00000000c5a00000|100%| E|CS|TAMS 0x00000000c5900000| PB 0x00000000c5900000| Complete 
|  46|0x00000000c5a00000, 0x00000000c5b00000, 0x00000000c5b00000|100%| E|CS|TAMS 0x00000000c5a00000| PB 0x00000000c5a00000| Complete 
|  47|0x00000000c5b00000, 0x00000000c5c00000, 0x00000000c5c00000|100%| E|CS|TAMS 0x00000000c5b00000| PB 0x00000000c5b00000| Complete 
|  50|0x00000000c5e00000, 0x00000000c5f00000, 0x00000000c5f00000|100%| E|CS|TAMS 0x00000000c5e00000| PB 0x00000000c5e00000| Complete 
|  61|0x00000000c6900000, 0x00000000c6a00000, 0x00000000c6a00000|100%| E|CS|TAMS 0x00000000c6900000| PB 0x00000000c6900000| Complete 

Card table byte_map: [0x000001e8793b0000,0x000001e8795a0000] _byte_map_base: 0x000001e878d9a000

Marking Bits: (CMBitMap*) 0x000001e879147720
 Bits: [0x000001e879790000, 0x000001e87a6e0000)

Polling page: 0x000001e876f60000

Metaspace:

Usage:
  Non-class:     29.64 MB used.
      Class:      4.38 MB used.
       Both:     34.02 MB used.

Virtual space:
  Non-class space:       64.00 MB reserved,      29.94 MB ( 47%) committed,  1 nodes.
      Class space:        1.00 GB reserved,       4.63 MB ( <1%) committed,  1 nodes.
             Both:        1.06 GB reserved,      34.56 MB (  3%) committed. 

Chunk freelists:
   Non-Class:  1.17 MB
       Class:  3.22 MB
        Both:  4.39 MB

MaxMetaspaceSize: unlimited
CompressedClassSpaceSize: 1.00 GB
Initial GC threshold: 21.00 MB
Current GC threshold: 35.13 MB
CDS: on
MetaspaceReclaimPolicy: balanced
 - commit_granule_bytes: 65536.
 - commit_granule_words: 8192.
 - virtual_space_node_default_size: 8388608.
 - enlarge_chunks_in_place: 1.
 - new_chunks_are_fully_committed: 0.
 - uncommit_free_chunks: 1.
 - use_allocation_guard: 0.


Internal statistics:

num_allocs_failed_limit: 3.
num_arena_births: 686.
num_arena_deaths: 0.
num_vsnodes_births: 2.
num_vsnodes_deaths: 0.
num_space_committed: 553.
num_space_uncommitted: 0.
num_chunks_returned_to_freelist: 3.
num_chunks_taken_from_freelist: 1930.
num_chunk_merges: 3.
num_chunk_splits: 1330.
num_chunks_enlarged: 961.
num_inconsistent_stats: 0.

CodeHeap 'non-profiled nmethods': size=120000Kb used=2501Kb max_used=2501Kb free=117498Kb
 bounds [0x000001e80fad0000, 0x000001e80fd50000, 0x000001e817000000]
CodeHeap 'profiled nmethods': size=120000Kb used=8921Kb max_used=8921Kb free=111078Kb
 bounds [0x000001e808000000, 0x000001e8088c0000, 0x000001e80f530000]
CodeHeap 'non-nmethods': size=5760Kb used=1540Kb max_used=1562Kb free=4219Kb
 bounds [0x000001e80f530000, 0x000001e80f7a0000, 0x000001e80fad0000]
 total_blobs=4866 nmethods=4309 adapters=467
 compilation: enabled
              stopped_count=0, restarted_count=0
 full_count=0

Compilation events (20 events):
Event: 30.232 Thread 0x000001e87cb6fbe0 4299       4       java.lang.reflect.Method::getAnnotation (6 bytes)
Event: 30.256 Thread 0x000001e87cb6fbe0 nmethod 4299 0x000001e80fd3eb10 code [0x000001e80fd3ed00, 0x000001e80fd3f538]
Event: 30.256 Thread 0x000001e87cb6fbe0 4300       4       jdk.internal.org.objectweb.asm.Frame::pop (53 bytes)
Event: 30.289 Thread 0x000001e87cb6fbe0 nmethod 4300 0x000001e80fd3fa90 code [0x000001e80fd3fc80, 0x000001e80fd40518]
Event: 30.324 Thread 0x000001e87cb6fbe0 4301       4       java.lang.ClassLoader::loadClass (7 bytes)
Event: 30.328 Thread 0x000001e87cb6fbe0 nmethod 4301 0x000001e80fd40d10 code [0x000001e80fd40ea0, 0x000001e80fd41000]
Event: 30.373 Thread 0x000001e87cb6fbe0 4302       4       java.util.Arrays$ArrayList::size (6 bytes)
Event: 30.374 Thread 0x000001e87cb6fbe0 nmethod 4302 0x000001e80fd41190 code [0x000001e80fd41300, 0x000001e80fd41398]
Event: 30.393 Thread 0x000001e87cb779c0 4303       3       net.bytebuddy.matcher.ElementMatcher$Junction$AbstractBase::<init> (5 bytes)
Event: 30.393 Thread 0x000001e87cb779c0 nmethod 4303 0x000001e8088b3210 code [0x000001e8088b33a0, 0x000001e8088b3508]
Event: 30.423 Thread 0x000001e87cb779c0 4304   !   3       java.util.AbstractList$Itr::next (46 bytes)
Event: 30.424 Thread 0x000001e87cb779c0 nmethod 4304 0x000001e8088b3610 code [0x000001e8088b3800, 0x000001e8088b3e08]
Event: 30.424 Thread 0x000001e87cb779c0 4305       3       java.util.AbstractList$Itr::checkForComodification (23 bytes)
Event: 30.425 Thread 0x000001e87cb779c0 nmethod 4305 0x000001e8088b4090 code [0x000001e8088b4220, 0x000001e8088b4448]
Event: 30.425 Thread 0x000001e87cb779c0 4306       3       java.util.Arrays$ArrayList::get (7 bytes)
Event: 30.425 Thread 0x000001e87cb779c0 nmethod 4306 0x000001e8088b4590 code [0x000001e8088b4720, 0x000001e8088b4858]
Event: 30.483 Thread 0x000001e87cb6fbe0 4307       4       java.util.Collections$SetFromMap::add (22 bytes)
Event: 30.504 Thread 0x000001e87cb779c0 4308       3       java.lang.reflect.ProxyGenerator$$Lambda$60/0x000001e818073958::apply (8 bytes)
Event: 30.505 Thread 0x000001e87cb779c0 nmethod 4308 0x000001e8088b4910 code [0x000001e8088b4ac0, 0x000001e8088b4db8]
Event: 30.505 Thread 0x000001e87cb779c0 4309       3       java.lang.reflect.ProxyGenerator::lambda$addProxyMethod$0 (9 bytes)

GC Heap History (14 events):
Event: 12.770 GC heap before
{Heap before GC invocations=0 (full 0):
 garbage-first heap   total 63488K, used 13312K [0x00000000c2c00000, 0x0000000100000000)
  region size 1024K, 13 young (13312K), 0 survivors (0K)
 Metaspace       used 3467K, committed 3584K, reserved 1114112K
  class space    used 333K, committed 384K, reserved 1048576K
}
Event: 12.782 GC heap after
{Heap after GC invocations=1 (full 0):
 garbage-first heap   total 63488K, used 6912K [0x00000000c2c00000, 0x0000000100000000)
  region size 1024K, 2 young (2048K), 2 survivors (2048K)
 Metaspace       used 3467K, committed 3584K, reserved 1114112K
  class space    used 333K, committed 384K, reserved 1048576K
}
Event: 13.578 GC heap before
{Heap before GC invocations=1 (full 0):
 garbage-first heap   total 63488K, used 18176K [0x00000000c2c00000, 0x0000000100000000)
  region size 1024K, 14 young (14336K), 2 survivors (2048K)
 Metaspace       used 7163K, committed 7424K, reserved 1114112K
  class space    used 838K, committed 960K, reserved 1048576K
}
Event: 13.587 GC heap after
{Heap after GC invocations=2 (full 0):
 garbage-first heap   total 63488K, used 8439K [0x00000000c2c00000, 0x0000000100000000)
  region size 1024K, 2 young (2048K), 2 survivors (2048K)
 Metaspace       used 7163K, committed 7424K, reserved 1114112K
  class space    used 838K, committed 960K, reserved 1048576K
}
Event: 14.548 GC heap before
{Heap before GC invocations=2 (full 0):
 garbage-first heap   total 63488K, used 31991K [0x00000000c2c00000, 0x0000000100000000)
  region size 1024K, 26 young (26624K), 2 survivors (2048K)
 Metaspace       used 14007K, committed 14336K, reserved 1114112K
  class space    used 1646K, committed 1792K, reserved 1048576K
}
Event: 14.555 GC heap after
{Heap after GC invocations=3 (full 0):
 garbage-first heap   total 63488K, used 10371K [0x00000000c2c00000, 0x0000000100000000)
  region size 1024K, 3 young (3072K), 3 survivors (3072K)
 Metaspace       used 14007K, committed 14336K, reserved 1114112K
  class space    used 1646K, committed 1792K, reserved 1048576K
}
Event: 16.624 GC heap before
{Heap before GC invocations=3 (full 0):
 garbage-first heap   total 63488K, used 45187K [0x00000000c2c00000, 0x0000000100000000)
  region size 1024K, 37 young (37888K), 3 survivors (3072K)
 Metaspace       used 19264K, committed 19520K, reserved 1114112K
  class space    used 2302K, committed 2432K, reserved 1048576K
}
Event: 16.640 GC heap after
{Heap after GC invocations=4 (full 0):
 garbage-first heap   total 63488K, used 13435K [0x00000000c2c00000, 0x0000000100000000)
  region size 1024K, 5 young (5120K), 5 survivors (5120K)
 Metaspace       used 19264K, committed 19520K, reserved 1114112K
  class space    used 2302K, committed 2432K, reserved 1048576K
}
Event: 17.275 GC heap before
{Heap before GC invocations=4 (full 0):
 garbage-first heap   total 63488K, used 23675K [0x00000000c2c00000, 0x0000000100000000)
  region size 1024K, 16 young (16384K), 5 survivors (5120K)
 Metaspace       used 21208K, committed 21504K, reserved 1114112K
  class space    used 2545K, committed 2688K, reserved 1048576K
}
Event: 17.294 GC heap after
{Heap after GC invocations=5 (full 0):
 garbage-first heap   total 63488K, used 14154K [0x00000000c2c00000, 0x0000000100000000)
  region size 1024K, 1 young (1024K), 1 survivors (1024K)
 Metaspace       used 21208K, committed 21504K, reserved 1114112K
  class space    used 2545K, committed 2688K, reserved 1048576K
}
Event: 24.320 GC heap before
{Heap before GC invocations=6 (full 0):
 garbage-first heap   total 51200K, used 43850K [0x00000000c2c00000, 0x0000000100000000)
  region size 1024K, 30 young (30720K), 1 survivors (1024K)
 Metaspace       used 26181K, committed 26688K, reserved 1114112K
  class space    used 3310K, committed 3520K, reserved 1048576K
}
Event: 24.340 GC heap after
{Heap after GC invocations=7 (full 0):
 garbage-first heap   total 51200K, used 17349K [0x00000000c2c00000, 0x0000000100000000)
  region size 1024K, 4 young (4096K), 4 survivors (4096K)
 Metaspace       used 26181K, committed 26688K, reserved 1114112K
  class space    used 3310K, committed 3520K, reserved 1048576K
}
Event: 29.269 GC heap before
{Heap before GC invocations=7 (full 0):
 garbage-first heap   total 51200K, used 40901K [0x00000000c2c00000, 0x0000000100000000)
  region size 1024K, 27 young (27648K), 4 survivors (4096K)
 Metaspace       used 31529K, committed 32064K, reserved 1114112K
  class space    used 3959K, committed 4224K, reserved 1048576K
}
Event: 29.297 GC heap after
{Heap after GC invocations=8 (full 0):
 garbage-first heap   total 51200K, used 18922K [0x00000000c2c00000, 0x0000000100000000)
  region size 1024K, 2 young (2048K), 2 survivors (2048K)
 Metaspace       used 31529K, committed 32064K, reserved 1114112K
  class space    used 3959K, committed 4224K, reserved 1048576K
}

Dll operation events (14 events):
Event: 0.018 Loaded shared library C:\Users\Dragan\.jdks\openjdk-20.0.2\bin\java.dll
Event: 0.060 Loaded shared library C:\Users\Dragan\.jdks\openjdk-20.0.2\bin\jsvml.dll
Event: 0.540 Loaded shared library C:\Users\Dragan\.jdks\openjdk-20.0.2\bin\zip.dll
Event: 0.553 Loaded shared library C:\Users\Dragan\.jdks\openjdk-20.0.2\bin\instrument.dll
Event: 0.591 Loaded shared library C:\Users\Dragan\.jdks\openjdk-20.0.2\bin\net.dll
Event: 0.594 Loaded shared library C:\Users\Dragan\.jdks\openjdk-20.0.2\bin\nio.dll
Event: 1.074 Loaded shared library C:\Users\Dragan\.jdks\openjdk-20.0.2\bin\zip.dll
Event: 5.013 Loaded shared library C:\Users\Dragan\.jdks\openjdk-20.0.2\bin\jimage.dll
Event: 12.046 Loaded shared library C:\Program Files\JetBrains\IntelliJ IDEA Community Edition 2023.2.2\bin\breakgen64.dll
Event: 12.066 Loaded shared library C:\Users\Dragan\.jdks\openjdk-20.0.2\bin\extnet.dll
Event: 15.333 Loaded shared library C:\Users\Dragan\.jdks\openjdk-20.0.2\bin\sunmscapi.dll
Event: 26.272 Loaded shared library C:\Users\Dragan\.jdks\openjdk-20.0.2\bin\management.dll
Event: 26.287 Loaded shared library C:\Users\Dragan\.jdks\openjdk-20.0.2\bin\management_ext.dll
Event: 29.942 Loaded shared library C:\Users\Dragan\.jdks\openjdk-20.0.2\bin\verify.dll

Deoptimization events (20 events):
Event: 27.944 Thread 0x000001e8791089f0 DEOPT PACKING pc=0x000001e80fd0dbcc sp=0x000000351acf89f0
Event: 27.944 Thread 0x000001e8791089f0 DEOPT UNPACKING pc=0x000001e80f599d1c sp=0x000000351acf8868 mode 2
Event: 27.944 Thread 0x000001e8791089f0 Uncommon trap: trap_request=0xffffff45 fr.pc=0x000001e80fd03f94 relative=0x0000000000003c34
Event: 27.944 Thread 0x000001e8791089f0 Uncommon trap: reason=unstable_if action=reinterpret pc=0x000001e80fd03f94 method=org.springframework.util.ClassUtils.getUserClass(Ljava/lang/Class;)Ljava/lang/Class; @ 10 c2
Event: 27.944 Thread 0x000001e8791089f0 DEOPT PACKING pc=0x000001e80fd03f94 sp=0x000000351acf87f0
Event: 27.944 Thread 0x000001e8791089f0 DEOPT UNPACKING pc=0x000001e80f599d1c sp=0x000000351acf87f0 mode 2
Event: 27.944 Thread 0x000001e8791089f0 Uncommon trap: trap_request=0xffffff45 fr.pc=0x000001e80fcfd730 relative=0x0000000000000130
Event: 27.944 Thread 0x000001e8791089f0 Uncommon trap: reason=unstable_if action=reinterpret pc=0x000001e80fcfd730 method=org.springframework.util.ClassUtils.getUserClass(Ljava/lang/Class;)Ljava/lang/Class; @ 10 c2
Event: 27.944 Thread 0x000001e8791089f0 DEOPT PACKING pc=0x000001e80fcfd730 sp=0x000000351acf88c0
Event: 27.944 Thread 0x000001e8791089f0 DEOPT UNPACKING pc=0x000001e80f599d1c sp=0x000000351acf8850 mode 2
Event: 28.227 Thread 0x000001e8791089f0 DEOPT PACKING pc=0x000001e80821ebb3 sp=0x000000351acf8cc0
Event: 28.227 Thread 0x000001e8791089f0 DEOPT UNPACKING pc=0x000001e80f59a4a3 sp=0x000000351acf8130 mode 0
Event: 28.717 Thread 0x000001e8791089f0 Uncommon trap: trap_request=0xffffff45 fr.pc=0x000001e80fc1abec relative=0x000000000000006c
Event: 28.717 Thread 0x000001e8791089f0 Uncommon trap: reason=unstable_if action=reinterpret pc=0x000001e80fc1abec method=java.lang.ClassLoader.createOrGetClassLoaderValueMap()Ljava/util/concurrent/ConcurrentHashMap; @ 6 c2
Event: 28.717 Thread 0x000001e8791089f0 DEOPT PACKING pc=0x000001e80fc1abec sp=0x000000351acfa070
Event: 28.717 Thread 0x000001e8791089f0 DEOPT UNPACKING pc=0x000001e80f599d1c sp=0x000000351acf9ff8 mode 2
Event: 29.313 Thread 0x000001e8791089f0 Uncommon trap: trap_request=0xffffff45 fr.pc=0x000001e80fc4ac88 relative=0x00000000000000e8
Event: 29.313 Thread 0x000001e8791089f0 Uncommon trap: reason=unstable_if action=reinterpret pc=0x000001e80fc4ac88 method=java.lang.ClassLoader.getClassLoadingLock(Ljava/lang/String;)Ljava/lang/Object; @ 6 c2
Event: 29.313 Thread 0x000001e8791089f0 DEOPT PACKING pc=0x000001e80fc4ac88 sp=0x000000351acf9700
Event: 29.313 Thread 0x000001e8791089f0 DEOPT UNPACKING pc=0x000001e80f599d1c sp=0x000000351acf9690 mode 2

Classes loaded (20 events):
Event: 29.092 Loading class java/lang/invoke/DirectMethodHandle$Special
Event: 29.093 Loading class java/lang/invoke/DirectMethodHandle$Special done
Event: 29.851 Loading class javax/xml/stream/XMLStreamException
Event: 29.851 Loading class javax/xml/stream/XMLStreamException done
Event: 29.851 Loading class javax/xml/stream/XMLResolver
Event: 29.851 Loading class javax/xml/stream/XMLResolver done
Event: 29.851 Loading class javax/xml/stream/XMLEventReader
Event: 29.852 Loading class javax/xml/stream/XMLEventReader done
Event: 29.868 Loading class javax/xml/stream/XMLEventFactory
Event: 29.868 Loading class javax/xml/stream/XMLEventFactory done
Event: 29.868 Loading class javax/xml/stream/FactoryFinder
Event: 29.869 Loading class javax/xml/stream/FactoryFinder done
Event: 29.871 Loading class javax/xml/stream/FactoryFinder$1
Event: 29.873 Loading class javax/xml/stream/FactoryFinder$1 done
Event: 29.875 Loading class com/sun/xml/internal/stream/events/XMLEventFactoryImpl
Event: 29.876 Loading class com/sun/xml/internal/stream/events/XMLEventFactoryImpl done
Event: 29.999 Loading class java/lang/Process
Event: 30.000 Loading class java/lang/Process done
Event: 30.053 Loading class java/lang/reflect/GenericSignatureFormatError
Event: 30.053 Loading class java/lang/reflect/GenericSignatureFormatError done

Classes unloaded (0 events):
No events

Classes redefined (0 events):
No events

Internal exceptions (20 events):
Event: 20.737 Thread 0x000001e8791089f0 Exception <a 'java/lang/NoSuchMethodError'{0x00000000c49305d0}: 'java.lang.Object java.lang.invoke.DirectMethodHandle$Holder.invokeVirtual(java.lang.Object, java.lang.Object, java.lang.Object, java.lang.Object, java.lang.Object)'> (0x00000000c49305d0) 
thrown [s\open\src\hotspot\share\interpreter\linkResolver.cpp, line 773]
Event: 21.253 Thread 0x000001e8791089f0 Implicit null exception at 0x000001e80fc1c8ce to 0x000001e80fc1d0b4
Event: 21.253 Thread 0x000001e8791089f0 Exception <a 'java/lang/NoSuchMethodError'{0x00000000c47b5f60}: 'java.lang.reflect.Field[] java.lang.Class.getDeclaredFields(java.lang.Class)'> (0x00000000c47b5f60) 
thrown [s\open\src\hotspot\share\interpreter\linkResolver.cpp, line 773]
Event: 21.686 Thread 0x000001e8791089f0 Exception <a 'java/lang/NoSuchMethodError'{0x00000000c4613ba0}: 'java.lang.Object java.lang.invoke.DirectMethodHandle$Holder.invokeVirtual(java.lang.Object, java.lang.Object, java.lang.Object, java.lang.Object, java.lang.Object, java.lang.Object)'> (0x00000000c4613ba0) 
thrown [s\open\src\hotspot\share\interpreter\linkResolver.cpp, line 773]
Event: 22.421 Thread 0x000001e8791089f0 Exception <a 'java/lang/NoSuchMethodError'{0x00000000c4580ad0}: 'void java.lang.invoke.DirectMethodHandle$Holder.invokeInterface(java.lang.Object, java.lang.Object, int)'> (0x00000000c4580ad0) 
thrown [s\open\src\hotspot\share\interpreter\linkResolver.cpp, line 773]
Event: 22.490 Thread 0x000001e8791089f0 Exception <a 'java/lang/IncompatibleClassChangeError'{0x00000000c45cfe10}: Found class java.lang.Object, but interface was expected> (0x00000000c45cfe10) 
thrown [s\open\src\hotspot\share\interpreter\linkResolver.cpp, line 840]
Event: 22.496 Thread 0x000001e8791089f0 Exception <a 'java/lang/NoSuchMethodError'{0x00000000c45e08e0}: 'int java.lang.invoke.DirectMethodHandle$Holder.invokeSpecialIFC(java.lang.Object, java.lang.Object, java.lang.Object)'> (0x00000000c45e08e0) 
thrown [s\open\src\hotspot\share\interpreter\linkResolver.cpp, line 773]
Event: 22.502 Thread 0x000001e8791089f0 Exception <a 'java/lang/NoSuchMethodError'{0x00000000c45ee410}: 'void java.lang.invoke.DirectMethodHandle$Holder.invokeStatic(java.lang.Object, int, java.lang.Object)'> (0x00000000c45ee410) 
thrown [s\open\src\hotspot\share\interpreter\linkResolver.cpp, line 773]
Event: 22.524 Thread 0x000001e8791089f0 Exception <a 'java/lang/NoSuchMethodError'{0x00000000c442bd48}: 'void java.lang.invoke.DirectMethodHandle$Holder.invokeStatic(java.lang.Object, java.lang.Object, java.lang.Object, int, java.lang.Object)'> (0x00000000c442bd48) 
thrown [s\open\src\hotspot\share\interpreter\linkResolver.cpp, line 773]
Event: 22.526 Thread 0x000001e8791089f0 Exception <a 'java/lang/NoSuchMethodError'{0x00000000c4432e80}: 'java.lang.Object java.lang.invoke.DirectMethodHandle$Holder.newInvokeSpecial(java.lang.Object, java.lang.Object, java.lang.Object, int)'> (0x00000000c4432e80) 
thrown [s\open\src\hotspot\share\interpreter\linkResolver.cpp, line 773]
Event: 22.527 Thread 0x000001e8791089f0 Exception <a 'java/lang/NoSuchMethodError'{0x00000000c4436c70}: 'java.lang.Object java.lang.invoke.DirectMethodHandle$Holder.invokeSpecial(java.lang.Object, java.lang.Object, java.lang.Object, java.lang.Object, int)'> (0x00000000c4436c70) 
thrown [s\open\src\hotspot\share\interpreter\linkResolver.cpp, line 773]
Event: 22.528 Thread 0x000001e8791089f0 Exception <a 'java/lang/NoSuchMethodError'{0x00000000c443a0f8}: 'java.lang.Object java.lang.invoke.Invokers$Holder.linkToTargetMethod(java.lang.Object, java.lang.Object, int, java.lang.Object)'> (0x00000000c443a0f8) 
thrown [s\open\src\hotspot\share\interpreter\linkResolver.cpp, line 773]
Event: 24.772 Thread 0x000001e8791089f0 Exception <a 'java/lang/NoSuchMethodError'{0x00000000c6969dc8}: 'java.lang.Object java.lang.invoke.DirectMethodHandle$Holder.invokeStaticInit(java.lang.Object, int, int, int, int)'> (0x00000000c6969dc8) 
thrown [s\open\src\hotspot\share\interpreter\linkResolver.cpp, line 773]
Event: 25.427 Thread 0x000001e8791089f0 Exception <a 'java/lang/NoSuchMethodError'{0x00000000c69b8cd8}: 'java.lang.Object java.lang.invoke.DirectMethodHandle$Holder.invokeStaticInit(java.lang.Object, java.lang.Object, int, int, int, int)'> (0x00000000c69b8cd8) 
thrown [s\open\src\hotspot\share\interpreter\linkResolver.cpp, line 773]
Event: 25.955 Thread 0x000001e8791089f0 Exception <a 'java/lang/NoSuchMethodError'{0x00000000c5938b30}: 'int java.lang.invoke.DirectMethodHandle$Holder.invokeVirtual(java.lang.Object, java.lang.Object, java.lang.Object, java.lang.Object)'> (0x00000000c5938b30) 
thrown [s\open\src\hotspot\share\interpreter\linkResolver.cpp, line 773]
Event: 25.956 Thread 0x000001e8791089f0 Exception <a 'java/lang/NoSuchMethodError'{0x00000000c593c598}: 'int java.lang.invoke.DelegatingMethodHandle$Holder.reinvoke_L(java.lang.Object, java.lang.Object, java.lang.Object, java.lang.Object)'> (0x00000000c593c598) 
thrown [s\open\src\hotspot\share\interpreter\linkResolver.cpp, line 773]
Event: 26.367 Thread 0x000001e8791089f0 Exception <a 'java/io/FileNotFoundException'{0x00000000c574eef0}> (0x00000000c574eef0) 
thrown [s\open\src\hotspot\share\prims\jni.cpp, line 519]
Event: 26.517 Thread 0x000001e8791089f0 Exception <a 'java/lang/NoSuchMethodError'{0x00000000c56d9a98}: 'int java.lang.invoke.DirectMethodHandle$Holder.invokeInterface(java.lang.Object, java.lang.Object, java.lang.Object, java.lang.Object)'> (0x00000000c56d9a98) 
thrown [s\open\src\hotspot\share\interpreter\linkResolver.cpp, line 773]
Event: 27.907 Thread 0x000001e8791089f0 Exception <a 'java/lang/NoSuchMethodError'{0x00000000c4f38e18}: 'java.lang.Object java.lang.invoke.DirectMethodHandle$Holder.newInvokeSpecial(java.lang.Object, java.lang.Object, java.lang.Object, java.lang.Object, java.lang.Object, java.lang.Object, java.lang.Object, java.lang.Object, java.lang.Object, java.lang.Object, java.lang.Object)'> (0x00000000c4f38e18) 
thrown [s\open\src\hotspot\share\interpreter\linkResolver.cpp, line 773]
Event: 28.596 Thread 0x000001e8791089f0 Exception <a 'java/lang/NoSuchMethodError'{0x00000000c4cc74b0}: 'void java.lang.invoke.DelegatingMethodHandle$Holder.reinvoke_L(java.lang.Object, java.lang.Object, java.lang.Object, java.lang.Object, int, java.lang.Object, java.lang.Object, java.lang.Object)'> (0x00000000c4cc74b0) 
thrown [s\open\src\hotspot\share\interpreter\linkResolver.cpp, line 773]

VM Operations (20 events):
Event: 25.582 Executing VM operation: Cleanup
Event: 25.586 Executing VM operation: Cleanup done
Event: 25.882 Executing VM operation: HandshakeAllThreads
Event: 25.882 Executing VM operation: HandshakeAllThreads done
Event: 25.890 Executing VM operation: HandshakeAllThreads
Event: 25.890 Executing VM operation: HandshakeAllThreads done
Event: 26.205 Executing VM operation: HandshakeAllThreads
Event: 26.205 Executing VM operation: HandshakeAllThreads done
Event: 26.304 Executing VM operation: HandshakeAllThreads
Event: 26.304 Executing VM operation: HandshakeAllThreads done
Event: 27.304 Executing VM operation: Cleanup
Event: 27.304 Executing VM operation: Cleanup done
Event: 27.458 Executing VM operation: HandshakeAllThreads
Event: 27.458 Executing VM operation: HandshakeAllThreads done
Event: 28.458 Executing VM operation: Cleanup
Event: 28.458 Executing VM operation: Cleanup done
Event: 29.269 Executing VM operation: G1CollectForAllocation
Event: 29.297 Executing VM operation: G1CollectForAllocation done
Event: 30.298 Executing VM operation: Cleanup
Event: 30.298 Executing VM operation: Cleanup done

Events (20 events):
Event: 0.090 Thread 0x000001e87cb6fbe0 Thread added: 0x000001e87cb6fbe0
Event: 0.093 Thread 0x000001e87cb779c0 Thread added: 0x000001e87cb779c0
Event: 0.332 Thread 0x000001e87cb2f750 Thread added: 0x000001e87cb2f750
Event: 12.048 Thread 0x000001e87cfb8c40 Thread added: 0x000001e87cfb8c40
Event: 12.048 Thread 0x000001e87cfb9380 Thread added: 0x000001e87cfb9380
Event: 12.247 Thread 0x000001e87d2d4d90 Thread added: 0x000001e87d2d4d90
Event: 12.697 Thread 0x000001e87d2d4d90 Thread exited: 0x000001e87d2d4d90
Event: 13.666 Thread 0x000001e87ddc2680 Thread added: 0x000001e87ddc2680
Event: 13.924 Thread 0x000001e87de15c00 Thread added: 0x000001e87de15c00
Event: 14.525 Thread 0x000001e87ddc2680 Thread exited: 0x000001e87ddc2680
Event: 15.397 Thread 0x000001e87de15c00 Thread exited: 0x000001e87de15c00
Event: 15.726 Thread 0x000001e87e27e040 Thread added: 0x000001e87e27e040
Event: 15.781 Thread 0x000001e87e27e040 Thread exited: 0x000001e87e27e040
Event: 20.091 Thread 0x000001e87e3db390 Thread added: 0x000001e87e3db390
Event: 21.638 Thread 0x000001e87e3db390 Thread exited: 0x000001e87e3db390
Event: 22.706 Thread 0x000001e87ff6e820 Thread added: 0x000001e87ff6e820
Event: 26.372 Thread 0x000001e87ff6e820 Thread exited: 0x000001e87ff6e820
Event: 26.621 Thread 0x000001e87f0b7450 Thread added: 0x000001e87f0b7450
Event: 27.463 Thread 0x000001e87f141660 Thread added: 0x000001e87f141660
Event: 29.002 Thread 0x000001e87f0b7450 Thread exited: 0x000001e87f0b7450


Dynamic libraries:
0x00007ff7c09c0000 - 0x00007ff7c09ce000 	C:\Users\Dragan\.jdks\openjdk-20.0.2\bin\java.exe
0x00007ffffb5e0000 - 0x00007ffffb7c0000 	C:\Windows\SYSTEM32\ntdll.dll
0x00007ffffa580000 - 0x00007ffffa62e000 	C:\Windows\System32\KERNEL32.DLL
0x00007ffff7da0000 - 0x00007ffff8006000 	C:\Windows\System32\KERNELBASE.dll
0x00007ffff81a0000 - 0x00007ffff8296000 	C:\Windows\System32\ucrtbase.dll
0x00007ffff4640000 - 0x00007ffff465b000 	C:\Users\Dragan\.jdks\openjdk-20.0.2\bin\VCRUNTIME140.dll
0x00007ffff46c0000 - 0x00007ffff46d7000 	C:\Users\Dragan\.jdks\openjdk-20.0.2\bin\jli.dll
0x00007fffe7ae0000 - 0x00007fffe7d49000 	C:\Windows\WinSxS\amd64_microsoft.windows.common-controls_6595b64144ccf1df_6.0.16299.98_none_cc930a042215c348\COMCTL32.dll
0x00007ffff8b80000 - 0x00007ffff8d0f000 	C:\Windows\System32\USER32.dll
0x00007ffffa480000 - 0x00007ffffa51d000 	C:\Windows\System32\msvcrt.dll
0x00007ffff82a0000 - 0x00007ffff82c0000 	C:\Windows\System32\win32u.dll
0x00007ffff8d30000 - 0x00007ffff9038000 	C:\Windows\System32\combase.dll
0x00007ffffb350000 - 0x00007ffffb46f000 	C:\Windows\System32\RPCRT4.dll
0x00007ffffaab0000 - 0x00007ffffaad8000 	C:\Windows\System32\GDI32.dll
0x00007ffff80c0000 - 0x00007ffff8132000 	C:\Windows\System32\bcryptPrimitives.dll
0x00007ffff7c00000 - 0x00007ffff7d93000 	C:\Windows\System32\gdi32full.dll
0x00007ffff82c0000 - 0x00007ffff835b000 	C:\Windows\System32\msvcp_win.dll
0x00007ffffb580000 - 0x00007ffffb5ad000 	C:\Windows\System32\IMM32.DLL
0x00007ffff4730000 - 0x00007ffff473c000 	C:\Users\Dragan\.jdks\openjdk-20.0.2\bin\vcruntime140_1.dll
0x00007fffe7590000 - 0x00007fffe761e000 	C:\Users\Dragan\.jdks\openjdk-20.0.2\bin\msvcp140.dll
0x00007fffba740000 - 0x00007fffbb3d8000 	C:\Users\Dragan\.jdks\openjdk-20.0.2\bin\server\jvm.dll
0x00007ffffab50000 - 0x00007ffffabf1000 	C:\Windows\System32\ADVAPI32.dll
0x00007ffffa520000 - 0x00007ffffa57b000 	C:\Windows\System32\sechost.dll
0x00007fffefb20000 - 0x00007fffefb29000 	C:\Windows\SYSTEM32\WSOCK32.dll
0x00007ffffaae0000 - 0x00007ffffab4c000 	C:\Windows\System32\WS2_32.dll
0x00007ffff2650000 - 0x00007ffff265a000 	C:\Windows\SYSTEM32\VERSION.dll
0x00007ffff57a0000 - 0x00007ffff57c3000 	C:\Windows\SYSTEM32\WINMM.dll
0x00007ffff5770000 - 0x00007ffff579a000 	C:\Windows\SYSTEM32\WINMMBASE.dll
0x00007ffff7bb0000 - 0x00007ffff7bfa000 	C:\Windows\System32\cfgmgr32.dll
0x00007ffff79a0000 - 0x00007ffff79b1000 	C:\Windows\System32\kernel.appcore.dll
0x00007ffff46b0000 - 0x00007ffff46ba000 	C:\Users\Dragan\.jdks\openjdk-20.0.2\bin\jimage.dll
0x00007fffe54d0000 - 0x00007fffe5698000 	C:\Windows\SYSTEM32\DBGHELP.DLL
0x00007fffe5470000 - 0x00007fffe5499000 	C:\Windows\SYSTEM32\dbgcore.DLL
0x00007fffe7930000 - 0x00007fffe793e000 	C:\Users\Dragan\.jdks\openjdk-20.0.2\bin\instrument.dll
0x00007ffff4610000 - 0x00007ffff4636000 	C:\Users\Dragan\.jdks\openjdk-20.0.2\bin\java.dll
0x00007fffbfc00000 - 0x00007fffbfcd7000 	C:\Users\Dragan\.jdks\openjdk-20.0.2\bin\jsvml.dll
0x00007ffff9040000 - 0x00007ffffa476000 	C:\Windows\System32\SHELL32.dll
0x00007ffffb4d0000 - 0x00007ffffb576000 	C:\Windows\System32\shcore.dll
0x00007ffff8360000 - 0x00007ffff8aa7000 	C:\Windows\System32\windows.storage.dll
0x00007ffffa740000 - 0x00007ffffa791000 	C:\Windows\System32\shlwapi.dll
0x00007ffff7930000 - 0x00007ffff797c000 	C:\Windows\System32\powrprof.dll
0x00007ffff79c0000 - 0x00007ffff79db000 	C:\Windows\System32\profapi.dll
0x00007fffefc10000 - 0x00007fffefc28000 	C:\Users\Dragan\.jdks\openjdk-20.0.2\bin\zip.dll
0x00007ffff3000000 - 0x00007ffff3013000 	C:\Users\Dragan\.jdks\openjdk-20.0.2\bin\net.dll
0x00007ffff3ff0000 - 0x00007ffff40ce000 	C:\Windows\SYSTEM32\WINHTTP.dll
0x00007ffff7160000 - 0x00007ffff71c6000 	C:\Windows\system32\mswsock.dll
0x00007ffff2f70000 - 0x00007ffff2f86000 	C:\Users\Dragan\.jdks\openjdk-20.0.2\bin\nio.dll
0x00007fffe77b0000 - 0x00007fffe77ca000 	C:\Program Files\JetBrains\IntelliJ IDEA Community Edition 2023.2.2\bin\breakgen64.dll
0x00007fffe7940000 - 0x00007fffe7947000 	C:\Users\Dragan\.jdks\openjdk-20.0.2\bin\extnet.dll
0x00007fffe82e0000 - 0x00007fffe82ee000 	C:\Users\Dragan\.jdks\openjdk-20.0.2\bin\sunmscapi.dll
0x00007ffff79e0000 - 0x00007ffff7bae000 	C:\Windows\System32\CRYPT32.dll
0x00007ffff7980000 - 0x00007ffff7992000 	C:\Windows\System32\MSASN1.dll
0x00007ffff7400000 - 0x00007ffff7426000 	C:\Windows\SYSTEM32\ncrypt.dll
0x00007ffff7430000 - 0x00007ffff7455000 	C:\Windows\SYSTEM32\bcrypt.dll
0x00007ffff73c0000 - 0x00007ffff73f6000 	C:\Windows\SYSTEM32\NTASN1.dll
0x00007ffff7320000 - 0x00007ffff7337000 	C:\Windows\SYSTEM32\CRYPTSP.dll
0x00007ffff6d70000 - 0x00007ffff6da3000 	C:\Windows\system32\rsaenh.dll
0x00007ffff7830000 - 0x00007ffff7859000 	C:\Windows\SYSTEM32\USERENV.dll
0x00007ffff7340000 - 0x00007ffff734b000 	C:\Windows\SYSTEM32\CRYPTBASE.dll
0x00007ffff6ef0000 - 0x00007ffff6f29000 	C:\Windows\SYSTEM32\IPHLPAPI.DLL
0x00007ffff8d10000 - 0x00007ffff8d18000 	C:\Windows\System32\NSI.dll
0x00007fffef010000 - 0x00007fffef026000 	C:\Windows\SYSTEM32\dhcpcsvc6.DLL
0x00007ffff1cd0000 - 0x00007ffff1cea000 	C:\Windows\SYSTEM32\dhcpcsvc.DLL
0x00007ffff2f20000 - 0x00007ffff2f2a000 	C:\Users\Dragan\.jdks\openjdk-20.0.2\bin\management.dll
0x00007fffe8340000 - 0x00007fffe834b000 	C:\Users\Dragan\.jdks\openjdk-20.0.2\bin\management_ext.dll
0x00007ffffa630000 - 0x00007ffffa638000 	C:\Windows\System32\PSAPI.DLL
0x00007ffff2ff0000 - 0x00007ffff3000000 	C:\Users\Dragan\.jdks\openjdk-20.0.2\bin\verify.dll

dbghelp: loaded successfully - version: 4.0.5 - missing functions: none
symbol engine: initialized successfully - sym options: 0x614 - pdb path: .;C:\Users\Dragan\.jdks\openjdk-20.0.2\bin;C:\Windows\SYSTEM32;C:\Windows\WinSxS\amd64_microsoft.windows.common-controls_6595b64144ccf1df_6.0.16299.98_none_cc930a042215c348;C:\Users\Dragan\.jdks\openjdk-20.0.2\bin\server;C:\Program Files\JetBrains\IntelliJ IDEA Community Edition 2023.2.2\bin

VM Arguments:
jvm_args: -javaagent:C:\Program Files\JetBrains\IntelliJ IDEA Community Edition 2023.2.2\lib\idea_rt.jar=54851:C:\Program Files\JetBrains\IntelliJ IDEA Community Edition 2023.2.2\bin -Dfile.encoding=UTF-8 -Dsun.stdout.encoding=UTF-8 -Dsun.stderr.encoding=UTF-8 
java_command: com.dragan.Car_Rental_Spring.CarRentalSpringApplication
java_class_path (initial): C:\Users\Dragan\Desktop\Car_Rental_Spring\Car_Rental_Spring\target\classes;C:\Users\Dragan\.m2\repository\org\springframework\boot\spring-boot-starter-data-jpa\3.2.4\spring-boot-starter-data-jpa-3.2.4.jar;C:\Users\Dragan\.m2\repository\org\springframework\boot\spring-boot-starter-aop\3.2.4\spring-boot-starter-aop-3.2.4.jar;C:\Users\Dragan\.m2\repository\org\aspectj\aspectjweaver\1.9.21\aspectjweaver-1.9.21.jar;C:\Users\Dragan\.m2\repository\org\springframework\boot\spring-boot-starter-jdbc\3.2.4\spring-boot-starter-jdbc-3.2.4.jar;C:\Users\Dragan\.m2\repository\com\zaxxer\HikariCP\5.0.1\HikariCP-5.0.1.jar;C:\Users\Dragan\.m2\repository\org\springframework\spring-jdbc\6.1.5\spring-jdbc-6.1.5.jar;C:\Users\Dragan\.m2\repository\org\hibernate\orm\hibernate-core\6.4.4.Final\hibernate-core-6.4.4.Final.jar;C:\Users\Dragan\.m2\repository\jakarta\persistence\jakarta.persistence-api\3.1.0\jakarta.persistence-api-3.1.0.jar;C:\Users\Dragan\.m2\repository\jakarta\transaction\jakarta.transaction-api\2.0.1\jakarta.transaction-api-2.0.1.jar;C:\Users\Dragan\.m2\repository\org\jboss\logging\jboss-logging\3.5.3.Final\jboss-logging-3.5.3.Final.jar;C:\Users\Dragan\.m2\repository\org\hibernate\common\hibernate-commons-annotations\6.0.6.Final\hibernate-commons-annotations-6.0.6.Final.jar;C:\Users\Dragan\.m2\repository\io\smallrye\jandex\3.1.2\jandex-3.1.2.jar;C:\Users\Dragan\.m2\repository\com\fasterxml\classmate\1.6.0\classmate-1.6.0.jar;C:\Users\Dragan\.m2\repository\net\bytebuddy\byte-buddy\1.14.12\byte-buddy-1.14.12.jar;C:\Users\Dragan\.m2\repository\org\glassfish\jaxb\jaxb-runtime\4.0.5\jaxb-runtime-4.0.5.jar;C:\Users\Dragan\.m2\repository\org\glassfish\jaxb\jaxb-core\4.0.5\jaxb-core-4.0.5.jar;C:\Users\Dragan\.m2\repository\org\eclipse\angus\angus-activation\2.0.2\angus-activation-2.0.2.jar;C:\Users\Dragan\.m2\repository\org\glassfish\jaxb\txw2\4.0.5\txw2-4.0.5.jar;C:\Users\Dragan\.m2\repository\com\sun\istack\istack-commons-runtime\4.1.2\istack-commons-runtime-4.1.2.jar;C:\Users\Dragan\.m2\repository\jakarta\inject\jakarta.inject-api\2.0.1\jakarta.inject-api-2.0.1.jar;C:\Users\Dragan\.m2\repository\org\antlr\antlr4-runtime\4.13.0\antlr4-runtime-4.13.0.jar;C:\Users\Dragan\.m2\repository\org\springframework\data\spring-data-jpa\3.2.4\spring-data-jpa-3.2.4.jar;C:\Users\Dragan\.m2\repository\org\springframework\data\spring-data-commons\3.2.4\spring-data-commons-3.2.4.jar;C:\Users\Dragan\.m2\repository\org\springframework\spring-orm\6.1.5\spring-orm-6.1.5.jar;C:\Users\Dragan\.m2\repository\org\springframework\spring-context\6.1.5\spring-context-6.1.5.jar;C:\Users\Dragan\.m2\repository\org\springframework\spring-tx\6.1.5\spring-tx-6.1.5.jar;C:\Users\Dragan\.m2\repository\org\springframework\spring-beans\6.1.5\spring-beans-6.1.5.jar;C:\Users\Dragan\.m2\repository\jakarta\annotation\jakarta.annotation-api\2.1.1\jakarta.annotation-api-2.1.1.jar;C:\Users\Dragan\.m2\repository\org\slf4j\slf4j-api\2.0.12\slf4j-api-2.0.12.jar;C:\Users\Dragan\.m2\repository\org\springframework\spring-aspects\6.1.5\spring-aspects-6.1.5.jar;C:\Users\Dragan\.m2\repository\org\springframework\boot\spring-boot-starter-web\3.2.4\spring-boot-starter-web-3.2.4.jar;C:\Users\Dragan\.m2\repository\org\springframework\boot\spring-boot-starter\3.2.4\spring-boot-starter-3.2.4.jar;C:\Users\Dragan\.m2\repository\org\springframework\boot\spring-boot\3.2.4\spring-boot-3.2.4.jar;C:\Users\Dragan\.m2\repository\org\springframework\boot\spring-boot-autoconfigure\3.2.4\spring-boot-autoconfigure-3.2.4.jar;C:\Users\Dragan\.m2\repository\org\springframework\boot\spring-boot-starter-logging\3.2.4\spring-boot-starter-logging-3.2.4.jar;C:\Users\Dragan\.m2\repository\ch\qos\logback\logback-classic\1.4.14\logback-classic-1.4.14.jar;C:\Users\Dragan\.m2\repository\ch\qos\logback\logback-core\1.4.14\logback-core-1.4.14.jar;C:\Users\Dragan\.m2\repository\org\apache\logging\log4j\log4j-to-slf4j\2.21.1\log4j-to-slf4j-2.21.1.jar;C:\Users\Dragan\.m2\repository\org\apache\logging\log4j\log4j-api\2.21.1\log4j-api-2.21.1.jar;C:\Users\Dragan\.m2\repository\org\slf4j\jul-to-slf4j\2.0.12\jul-to-slf4j-2.0.12.jar;C:\Users\Dragan\.m2\repository\org\yaml\snakeyaml\2.2\snakeyaml-2.2.jar;C:\Users\Dragan\.m2\repository\org\springframework\boot\spring-boot-starter-json\3.2.4\spring-boot-starter-json-3.2.4.jar;C:\Users\Dragan\.m2\repository\com\fasterxml\jackson\datatype\jackson-datatype-jdk8\2.15.4\jackson-datatype-jdk8-2.15.4.jar;C:\Users\Dragan\.m2\repository\com\fasterxml\jackson\datatype\jackson-datatype-jsr310\2.15.4\jackson-datatype-jsr310-2.15.4.jar;C:\Users\Dragan\.m2\repository\com\fasterxml\jackson\module\jackson-module-parameter-names\2.15.4\jackson-module-parameter-names-2.15.4.jar;C:\Users\Dragan\.m2\repository\org\springframework\boot\spring-boot-starter-tomcat\3.2.4\spring-boot-starter-tomcat-3.2.4.jar;C:\Users\Dragan\.m2\repository\org\apache\tomcat\embed\tomcat-embed-core\10.1.19\tomcat-embed-core-10.1.19.jar;C:\Users\Dragan\.m2\repository\org\apache\tomcat\embed\tomcat-embed-el\10.1.19\tomcat-embed-el-10.1.19.jar;C:\Users\Dragan\.m2\repository\org\apache\tomcat\embed\tomcat-embed-websocket\10.1.19\tomcat-embed-websocket-10.1.19.jar;C:\Users\Dragan\.m2\repository\org\springframework\spring-web\6.1.5\spring-web-6.1.5.jar;C:\Users\Dragan\.m2\repository\io\micrometer\micrometer-observation\1.12.4\micrometer-observation-1.12.4.jar;C:\Users\Dragan\.m2\repository\io\micrometer\micrometer-commons\1.12.4\micrometer-commons-1.12.4.jar;C:\Users\Dragan\.m2\repository\org\springframework\spring-webmvc\6.1.5\spring-webmvc-6.1.5.jar;C:\Users\Dragan\.m2\repository\org\springframework\spring-expression\6.1.5\spring-expression-6.1.5.jar;C:\Users\Dragan\.m2\repository\com\mysql\mysql-connector-j\8.3.0\mysql-connector-j-8.3.0.jar;C:\Users\Dragan\.m2\repository\org\projectlombok\lombok\1.18.30\lombok-1.18.30.jar;C:\Users\Dragan\.m2\repository\jakarta\xml\bind\jakarta.xml.bind-api\4.0.2\jakarta.xml.bind-api-4.0.2.jar;C:\Users\Dragan\.m2\repository\jakarta\activation\jakarta.activation-api\2.1.3\jakarta.activation-api-2.1.3.jar;C:\Users\Dragan\.m2\repository\org\springframework\spring-core\6.1.5\spring-core-6.1.5.jar;C:\Users\Dragan\.m2\repository\org\springframework\spring-jcl\6.1.5\spring-jcl-6.1.5.jar;C:\Users\Dragan\.m2\repository\org\springframework\boot\spring-boot-starter-security\3.2.4\spring-boot-starter-security-3.2.4.jar;C:\Users\Dragan\.m2\repository\org\springframework\spring-aop\6.1.5\spring-aop-6.1.5.jar;C:\Users\Dragan\.m2\repository\org\springframework\security\spring-security-config\6.2.3\spring-security-config-6.2.3.jar;C:\Users\Dragan\.m2\repository\org\springframework\security\spring-security-web\6.2.3\spring-security-web-6.2.3.jar;C:\Users\Dragan\.m2\repository\io\jsonwebtoken\jjwt-api\0.11.5\jjwt-api-0.11.5.jar;C:\Users\Dragan\.m2\repository\io\jsonwebtoken\jjwt-impl\0.11.5\jjwt-impl-0.11.5.jar;C:\Users\Dragan\.m2\repository\io\jsonwebtoken\jjwt-jackson\0.11.5\jjwt-jackson-0.11.5.jar;C:\Users\Dragan\.m2\repository\com\fasterxml\jackson\core\jackson-databind\2.15.4\jackson-databind-2.15.4.jar;C:\Users\Dragan\.m2\repository\com\fasterxml\jackson\core\jackson-annotations\2.15.4\jackson-annotations-2.15.4.jar;C:\Users\Dragan\.m2\repository\com\fasterxml\jackson\core\jackson-core\2.15.4\jackson-core-2.15.4.jar;C:\Users\Dragan\.m2\repository\org\springframework\security\spring-security-core\6.2.3\spring-security-core-6.2.3.jar;C:\Users\Dragan\.m2\repository\org\springframework\security\spring-security-crypto\6.2.3\spring-security-crypto-6.2.3.jar;C:\Users\Dragan\.m2\repository\io\jsonwebtoken\jjwt\0.9.1\jjwt-0.9.1.jar;C:\Users\Dragan\.m2\repository\com\vaadin\external\google\android-json\0.0.20131108.vaadin1\android-json-0.0.20131108.vaadin1.jar;C:\Users\Dragan\.m2\repository\org\apache\commons\commons-lang3\3.13.0\commons-lang3-3.13.0.jar
Launcher Type: SUN_STANDARD

[Global flags]
     intx CICompilerCount                          = 3                                         {product} {ergonomic}
     uint ConcGCThreads                            = 1                                         {product} {ergonomic}
     uint G1ConcRefinementThreads                  = 4                                         {product} {ergonomic}
   size_t G1HeapRegionSize                         = 1048576                                   {product} {ergonomic}
    uintx GCDrainStackTargetSize                   = 64                                        {product} {ergonomic}
   size_t InitialHeapSize                          = 65011712                                  {product} {ergonomic}
   size_t MarkStackSize                            = 4194304                                   {product} {ergonomic}
   size_t MaxHeapSize                              = 1027604480                                {product} {ergonomic}
   size_t MaxNewSize                               = 616562688                                 {product} {ergonomic}
   size_t MinHeapDeltaBytes                        = 1048576                                   {product} {ergonomic}
   size_t MinHeapSize                              = 8388608                                   {product} {ergonomic}
    uintx NonNMethodCodeHeapSize                   = 5832780                                {pd product} {ergonomic}
    uintx NonProfiledCodeHeapSize                  = 122912730                              {pd product} {ergonomic}
    uintx ProfiledCodeHeapSize                     = 122912730                              {pd product} {ergonomic}
    uintx ReservedCodeCacheSize                    = 251658240                              {pd product} {ergonomic}
     bool SegmentedCodeCache                       = true                                      {product} {ergonomic}
   size_t SoftMaxHeapSize                          = 1027604480                             {manageable} {ergonomic}
     bool UseCompressedClassPointers               = true                           {product lp64_product} {ergonomic}
     bool UseCompressedOops                        = true                           {product lp64_product} {ergonomic}
     bool UseG1GC                                  = true                                      {product} {ergonomic}
     bool UseLargePagesIndividualAllocation        = false                                  {pd product} {ergonomic}

Logging:
Log output configuration:
 #0: stdout all=warning uptime,level,tags foldmultilines=false
 #1: stderr all=off uptime,level,tags foldmultilines=false

Environment Variables:
PATH=C:\Program Files\Common Files\Oracle\Java\javapath;C:\Windows\system32;C:\Windows;C:\Windows\System32\Wbem;C:\Windows\System32\WindowsPowerShell\v1.0\;C:\Program Files\Git\cmd;C:\Users\Dragan\AppData\Roaming\nvm;C:\Program Files\nodejs;C:\Program Files\php-8.3.3-Win32-vs16-x64;C:\composer;C:\RailsInstaller\Ruby3.1.2\bin;C:\Users\Dragan\AppData\Local\Microsoft\WindowsApps;C:\Users\Dragan\AppData\Roaming\npm;C:\Users\Dragan\AppData\Local\Programs\Microsoft VS Code\bin;C:\Users\Dragan\AppData\Roaming\nvm;C:\Program Files\nodejs;C:\Users\Dragan\AppData\Roaming\Composer\vendor\bin
USERNAME=Dragan
OS=Windows_NT
PROCESSOR_IDENTIFIER=Intel64 Family 6 Model 122 Stepping 1, GenuineIntel
TMP=C:\Users\Dragan\AppData\Local\Temp
TEMP=C:\Users\Dragan\AppData\Local\Temp




---------------  S Y S T E M  ---------------

OS:
 Windows 10 , 64 bit Build 16299 (10.0.16299.15)
OS uptime: 1 days 0:41 hours

CPU: total 4 (initial active 4) (4 cores per cpu, 1 threads per core) family 6 model 122 stepping 1 microcode 0x2c, cx8, cmov, fxsr, mmx, 3dnowpref, sse, sse2, sse3, ssse3, sse4.1, sse4.2, popcnt, tsc, tscinvbit, aes, erms, clmul, sha, clflush, clflushopt, rdtscp, rdpid

Memory: 4k page, system-wide physical 3918M (371M free)
TotalPageFile size 14670M (AvailPageFile size 3151M)
current process WorkingSet (physical memory assigned to process): 176M, peak: 185M
current process commit charge ("private bytes"): 207M, peak: 220M

vm_info: OpenJDK 64-Bit Server VM (20.0.2+9-78) for windows-amd64 JRE (20.0.2+9-78), built on 2023-06-14T10:08:48Z by "mach5one" with MS VC++ 17.1 (VS2022)

END.
